

*******************************************************************************
Tue Apr  6 19:01:47 2021


FIT:    data read from "out.txt" u 1:3
        format = x:z
        #datapoints = 100
        residuals are weighted equally (unit weight)

function used for fitting: f(x)
	f(x) = a* x
fitted parameters initialized with current variable values

iter      chisq       delta/lim  lambda   a            
   0 3.2032055354e+01   0.00e+00  5.77e-01    1.000000e+00
   3 5.4412357266e-06  -5.77e-01  5.77e-04    1.970131e-02

After 3 iterations the fit converged.
final sum of squares of residuals : 5.44124e-06
rel. change during last iteration : -5.76976e-06

degrees of freedom    (FIT_NDF)                        : 99
rms of residuals      (FIT_STDFIT) = sqrt(WSSR/ndf)    : 0.00023444
variance of residuals (reduced chisquare) = WSSR/ndf   : 5.4962e-08

Final set of parameters            Asymptotic Standard Error
=======================            ==========================
a               = 0.0197013        +/- 4.061e-05    (0.2061%)


*******************************************************************************
Tue Apr  6 19:15:37 2021


FIT:    data read from "out.txt"
        format = z
        x range restricted to [0.0100000 : 1.00000]
        #datapoints = 99
        residuals are weighted equally (unit weight)

function used for fitting: f(x)
	f(x) = a/x
BREAK: Need via and either parameter list or file

*******************************************************************************
Tue Apr  6 19:15:40 2021


FIT:    data read from "out.txt" u 1:4
        format = x:z
        x range restricted to [0.0100000 : 1.00000]
        #datapoints = 99
        residuals are weighted equally (unit weight)

function used for fitting: f(x)
	f(x) = a/x
fitted parameters initialized with current variable values

iter      chisq       delta/lim  lambda   a            
   0 5.3232337897e+00   0.00e+00  2.53e-01    1.970131e-02
   3 7.0327135005e-04  -7.72e-04  2.53e-04    1.658024e-03

After 3 iterations the fit converged.
final sum of squares of residuals : 0.000703271
rel. change during last iteration : -7.72035e-09

degrees of freedom    (FIT_NDF)                        : 98
rms of residuals      (FIT_STDFIT) = sqrt(WSSR/ndf)    : 0.00267885
variance of residuals (reduced chisquare) = WSSR/ndf   : 7.17624e-06

Final set of parameters            Asymptotic Standard Error
=======================            ==========================
a               = 0.00165802       +/- 2.095e-05    (1.264%)


*******************************************************************************
Tue Apr  6 19:17:37 2021


FIT:    data read from "out.txt" u 1:4
        format = x:z
        x range restricted to [0.0100000 : 1.00000]
        #datapoints = 99
        residuals are weighted equally (unit weight)

function used for fitting: f(x-0.005)
	f(x) = a/x
fitted parameters initialized with current variable values

iter      chisq       delta/lim  lambda   a            
   0 3.3493903821e-02   0.00e+00  3.70e-02    1.658024e-03
   3 5.4521331267e-03  -5.25e-07  3.70e-05    9.034313e-04

After 3 iterations the fit converged.
final sum of squares of residuals : 0.00545213
rel. change during last iteration : -5.24668e-12

degrees of freedom    (FIT_NDF)                        : 98
rms of residuals      (FIT_STDFIT) = sqrt(WSSR/ndf)    : 0.00745882
variance of residuals (reduced chisquare) = WSSR/ndf   : 5.5634e-05

Final set of parameters            Asymptotic Standard Error
=======================            ==========================
a               = 0.000903431      +/- 3.361e-05    (3.72%)


*******************************************************************************
Tue Apr  6 19:20:20 2021


FIT:    data read from "out.txt" u 1:4
        format = x:z
        #datapoints = 100
        residuals are weighted equally (unit weight)

function used for fitting: f(x)
	f(x) = a/x
fitted parameters initialized with current variable values

iter      chisq       delta/lim  lambda   a            
   0 9.9946157039e-03   0.00e+00  1.16e-02    9.034313e-04
   3 7.1170063578e-04  -1.28e-06  1.16e-05    1.656935e-03

After 3 iterations the fit converged.
final sum of squares of residuals : 0.000711701
rel. change during last iteration : -1.27834e-11

degrees of freedom    (FIT_NDF)                        : 99
rms of residuals      (FIT_STDFIT) = sqrt(WSSR/ndf)    : 0.00268121
variance of residuals (reduced chisquare) = WSSR/ndf   : 7.1889e-06

Final set of parameters            Asymptotic Standard Error
=======================            ==========================
a               = 0.00165694       +/- 2.097e-05    (1.266%)


*******************************************************************************
Tue Apr  6 19:22:04 2021


FIT:    data read from "out.txt" u 1:5
        format = x:z
        #datapoints = 100
        residuals are weighted equally (unit weight)

function used for fitting: f(x)
	f(x) = a/x*x
fitted parameters initialized with current variable values

iter      chisq       delta/lim  lambda   a            
   0 2.9296559203e-01   0.00e+00  1.66e-03    1.656935e-03
   2 2.8600492713e-01  -2.39e-01  1.66e-05    9.999987e-03

After 2 iterations the fit converged.
final sum of squares of residuals : 0.286005
rel. change during last iteration : -2.3858e-06

degrees of freedom    (FIT_NDF)                        : 99
rms of residuals      (FIT_STDFIT) = sqrt(WSSR/ndf)    : 0.0537488
variance of residuals (reduced chisquare) = WSSR/ndf   : 0.00288894

Final set of parameters            Asymptotic Standard Error
=======================            ==========================
a               = 0.00999999       +/- 0.005375     (53.75%)


*******************************************************************************
Tue Apr  6 19:22:26 2021


FIT:    data read from "out.txt" u 1:5
        format = x:z
        #datapoints = 100
        residuals are weighted equally (unit weight)

function used for fitting: f(x)
	f(x) = a/(x*x)
fitted parameters initialized with current variable values

iter      chisq       delta/lim  lambda   a            
   0 1.0710893765e+04   0.00e+00  1.04e+01    9.999987e-03
   3 3.1307397678e-03  -3.35e-01  1.04e-02    5.201901e-05

After 3 iterations the fit converged.
final sum of squares of residuals : 0.00313074
rel. change during last iteration : -3.35312e-06

degrees of freedom    (FIT_NDF)                        : 99
rms of residuals      (FIT_STDFIT) = sqrt(WSSR/ndf)    : 0.00562349
variance of residuals (reduced chisquare) = WSSR/ndf   : 3.16236e-05

Final set of parameters            Asymptotic Standard Error
=======================            ==========================
a               = 5.2019e-05       +/- 5.405e-07    (1.039%)


*******************************************************************************
Tue Apr  6 19:23:35 2021


FIT:    data read from "out.txt" u 1:6
        format = x:z
        #datapoints = 100
        residuals are weighted equally (unit weight)

function used for fitting: f(x)
	f(x) = a/(x*x*x)
fitted parameters initialized with current variable values

iter      chisq       delta/lim  lambda   a            
   0 2.6734241395e+03   0.00e+00  5.25e+00    5.201901e-05
   3 2.6189420031e-03  -1.00e-01  5.25e-03    7.564876e-07

After 3 iterations the fit converged.
final sum of squares of residuals : 0.00261894
rel. change during last iteration : -1.00049e-06

degrees of freedom    (FIT_NDF)                        : 99
rms of residuals      (FIT_STDFIT) = sqrt(WSSR/ndf)    : 0.00514334
variance of residuals (reduced chisquare) = WSSR/ndf   : 2.6454e-05

Final set of parameters            Asymptotic Standard Error
=======================            ==========================
a               = 7.56488e-07      +/- 5.099e-09    (0.6741%)


*******************************************************************************
Tue Apr  6 19:24:37 2021


FIT:    data read from "out.txt" u 1:6
        format = x:z
        #datapoints = 100
        residuals are weighted equally (unit weight)

function used for fitting: f(x)
	f(x) = a/(x*x*x)
fitted parameters initialized with current variable values

iter      chisq       delta/lim  lambda   a            
   0 2.6189420031e-03   0.00e+00  7.63e-02    7.564876e-07
   1 2.6189420031e-03   0.00e+00  7.63e-02    7.564876e-07

After 1 iterations the fit converged.
final sum of squares of residuals : 0.00261894
rel. change during last iteration : 0

degrees of freedom    (FIT_NDF)                        : 99
rms of residuals      (FIT_STDFIT) = sqrt(WSSR/ndf)    : 0.00514334
variance of residuals (reduced chisquare) = WSSR/ndf   : 2.6454e-05

Final set of parameters            Asymptotic Standard Error
=======================            ==========================
a               = 7.56488e-07      +/- 5.099e-09    (0.6741%)
